<?xml version="1.0" encoding="UTF-8"?>
<!-- Generated by org.testng.reporters.JUnitReportReporter -->
<testsuite hostname="DESKTOP-3PR64H6" name="com.sample.Test1" tests="1" failures="0" timestamp="14 Jan 2018 08:40:22 GMT" time="12.275" errors="0">
  <testcase name="sampleTest" time="12.275" classname="com.sample.Test1"/>
</testsuite> <!-- com.sample.Test1 -->
